<?xml version="1.0" encoding="UTF-8"?>
<!-- Generated by org.testng.reporters.JUnitXMLReporter -->
<testsuite hostname="dell-pc" ignored="0" name="Command line test" tests="7" failures="0" timestamp="25 二月 2019 03:29:24 GMT" time="105.17" errors="0">
  <testcase name="defaultUi" time="5.427" classname="com.comics.jiabin.testcases.BaseTest"/>
  <testcase name="qidongUi" time="5.0" classname="com.comics.jiabin.testcases.youxTest"/>
  <testcase name="qidongUi" time="5.262" classname="com.comics.jiabin.testcases.DriverTest"/>
  <testcase name="addPage" time="5.303" classname="com.comics.jiabin.testcases.BaseTest"/>
  <testcase name="shuruTest" time="5.001" classname="com.comics.jiabin.testcases.youxTest"/>
  <testcase name="shuruTest" time="5.234" classname="com.comics.jiabin.testcases.DriverTest"/>
  <testcase name="historyPage" time="5.347" classname="com.comics.jiabin.testcases.BaseTest"/>
</testsuite> <!-- Command line test -->
