<?xml version="1.0" encoding="UTF-8"?>
<testng-results skipped="0" failed="0" ignored="0" total="7" passed="7">
  <reporter-output>
  </reporter-output>
  <suite name="Command line suite" duration-ms="105170" started-at="2019-02-25T03:27:39Z" finished-at="2019-02-25T03:29:24Z">
    <groups>
      <group name="qidongUi">
        <method signature="DriverTest.qidongUi()[pri:1, instance:com.comics.jiabin.testcases.DriverTest@725bef66]" name="qidongUi" class="com.comics.jiabin.testcases.DriverTest"/>
        <method signature="youxTest.qidongUi()[pri:1, instance:com.comics.jiabin.testcases.youxTest@2aaf7cc2]" name="qidongUi" class="com.comics.jiabin.testcases.youxTest"/>
      </group> <!-- qidongUi -->
      <group name="shuruTest">
        <method signature="DriverTest.shuruTest()[pri:2, instance:com.comics.jiabin.testcases.DriverTest@725bef66]" name="shuruTest" class="com.comics.jiabin.testcases.DriverTest"/>
        <method signature="youxTest.shuruTest()[pri:2, instance:com.comics.jiabin.testcases.youxTest@2aaf7cc2]" name="shuruTest" class="com.comics.jiabin.testcases.youxTest"/>
      </group> <!-- shuruTest -->
      <group name="BaseTest">
        <method signature="DriverTest.qidongUi()[pri:1, instance:com.comics.jiabin.testcases.DriverTest@725bef66]" name="qidongUi" class="com.comics.jiabin.testcases.DriverTest"/>
        <method signature="DriverTest.shuruTest()[pri:2, instance:com.comics.jiabin.testcases.DriverTest@725bef66]" name="shuruTest" class="com.comics.jiabin.testcases.DriverTest"/>
        <method signature="youxTest.qidongUi()[pri:1, instance:com.comics.jiabin.testcases.youxTest@2aaf7cc2]" name="qidongUi" class="com.comics.jiabin.testcases.youxTest"/>
        <method signature="youxTest.shuruTest()[pri:2, instance:com.comics.jiabin.testcases.youxTest@2aaf7cc2]" name="shuruTest" class="com.comics.jiabin.testcases.youxTest"/>
      </group> <!-- BaseTest -->
    </groups>
    <test name="Command line test" duration-ms="105170" started-at="2019-02-25T03:27:39Z" finished-at="2019-02-25T03:29:24Z">
      <class name="com.comics.jiabin.testcases.BaseTest">
        <test-method status="PASS" signature="beforeTest()[pri:0, instance:com.comics.jiabin.testcases.BaseTest@6833ce2c]" name="beforeTest" is-config="true" duration-ms="37979" started-at="2019-02-25T03:27:39Z" finished-at="2019-02-25T03:28:16Z">
          <reporter-output>
          </reporter-output>
        </test-method> <!-- beforeTest -->
        <test-method status="PASS" signature="beforeTest()[pri:0, instance:com.comics.jiabin.testcases.DriverTest@725bef66]" name="beforeTest" is-config="true" duration-ms="5553" started-at="2019-02-25T03:28:16Z" finished-at="2019-02-25T03:28:22Z">
          <reporter-output>
          </reporter-output>
        </test-method> <!-- beforeTest -->
        <test-method status="PASS" signature="setUp()[pri:0, instance:com.comics.jiabin.testcases.BaseTest@6833ce2c]" name="setUp" is-config="true" duration-ms="4804" started-at="2019-02-25T03:28:22Z" finished-at="2019-02-25T03:28:27Z">
          <reporter-output>
          </reporter-output>
        </test-method> <!-- setUp -->
        <test-method status="PASS" signature="defaultUi()[pri:1, instance:com.comics.jiabin.testcases.BaseTest@6833ce2c]" name="defaultUi" duration-ms="5427" started-at="2019-02-25T03:28:27Z" description="首次启动百度搜索页" finished-at="2019-02-25T03:28:32Z">
          <reporter-output>
          </reporter-output>
        </test-method> <!-- defaultUi -->
        <test-method status="PASS" signature="teardown()[pri:0, instance:com.comics.jiabin.testcases.BaseTest@6833ce2c]" name="teardown" is-config="true" duration-ms="739" started-at="2019-02-25T03:28:32Z" finished-at="2019-02-25T03:28:33Z">
          <reporter-output>
          </reporter-output>
        </test-method> <!-- teardown -->
        <test-method status="PASS" signature="setUp()[pri:0, instance:com.comics.jiabin.testcases.BaseTest@6833ce2c]" name="setUp" is-config="true" duration-ms="4030" started-at="2019-02-25T03:28:49Z" finished-at="2019-02-25T03:28:53Z">
          <reporter-output>
          </reporter-output>
        </test-method> <!-- setUp -->
        <test-method status="PASS" signature="addPage()[pri:2, instance:com.comics.jiabin.testcases.BaseTest@6833ce2c]" name="addPage" duration-ms="5303" started-at="2019-02-25T03:28:53Z" description="书架-追漫默认页" finished-at="2019-02-25T03:28:58Z">
          <reporter-output>
          </reporter-output>
        </test-method> <!-- addPage -->
        <test-method status="PASS" signature="teardown()[pri:0, instance:com.comics.jiabin.testcases.BaseTest@6833ce2c]" name="teardown" is-config="true" duration-ms="734" started-at="2019-02-25T03:28:58Z" finished-at="2019-02-25T03:28:59Z">
          <reporter-output>
          </reporter-output>
        </test-method> <!-- teardown -->
        <test-method status="PASS" signature="setUp()[pri:0, instance:com.comics.jiabin.testcases.BaseTest@6833ce2c]" name="setUp" is-config="true" duration-ms="3966" started-at="2019-02-25T03:29:14Z" finished-at="2019-02-25T03:29:18Z">
          <reporter-output>
          </reporter-output>
        </test-method> <!-- setUp -->
        <test-method status="PASS" signature="historyPage()[pri:3, instance:com.comics.jiabin.testcases.BaseTest@6833ce2c]" name="historyPage" duration-ms="5347" started-at="2019-02-25T03:29:18Z" description="书架-历史默认页" finished-at="2019-02-25T03:29:23Z">
          <reporter-output>
          </reporter-output>
        </test-method> <!-- historyPage -->
        <test-method status="PASS" signature="teardown()[pri:0, instance:com.comics.jiabin.testcases.BaseTest@6833ce2c]" name="teardown" is-config="true" duration-ms="732" started-at="2019-02-25T03:29:23Z" finished-at="2019-02-25T03:29:24Z">
          <reporter-output>
          </reporter-output>
        </test-method> <!-- teardown -->
      </class> <!-- com.comics.jiabin.testcases.BaseTest -->
      <class name="com.comics.jiabin.testcases.DriverTest">
        <test-method status="PASS" signature="setUp()[pri:0, instance:com.comics.jiabin.testcases.DriverTest@725bef66]" name="setUp" is-config="true" duration-ms="4528" started-at="2019-02-25T03:28:38Z" finished-at="2019-02-25T03:28:43Z">
          <reporter-output>
          </reporter-output>
        </test-method> <!-- setUp -->
        <test-method status="PASS" signature="qidongUi()[pri:1, instance:com.comics.jiabin.testcases.DriverTest@725bef66]" name="qidongUi" duration-ms="5262" started-at="2019-02-25T03:28:43Z" description="首次启动163邮箱" finished-at="2019-02-25T03:28:48Z">
          <reporter-output>
          </reporter-output>
        </test-method> <!-- qidongUi -->
        <test-method status="PASS" signature="teardown()[pri:0, instance:com.comics.jiabin.testcases.DriverTest@725bef66]" name="teardown" is-config="true" duration-ms="712" started-at="2019-02-25T03:28:48Z" finished-at="2019-02-25T03:28:49Z">
          <reporter-output>
          </reporter-output>
        </test-method> <!-- teardown -->
        <test-method status="PASS" signature="setUp()[pri:0, instance:com.comics.jiabin.testcases.DriverTest@725bef66]" name="setUp" is-config="true" duration-ms="4047" started-at="2019-02-25T03:29:04Z" finished-at="2019-02-25T03:29:08Z">
          <reporter-output>
          </reporter-output>
        </test-method> <!-- setUp -->
        <test-method status="PASS" signature="shuruTest()[pri:2, instance:com.comics.jiabin.testcases.DriverTest@725bef66]" name="shuruTest" duration-ms="5234" started-at="2019-02-25T03:29:08Z" description="输入地址" finished-at="2019-02-25T03:29:13Z">
          <reporter-output>
          </reporter-output>
        </test-method> <!-- shuruTest -->
        <test-method status="PASS" signature="teardown()[pri:0, instance:com.comics.jiabin.testcases.DriverTest@725bef66]" name="teardown" is-config="true" duration-ms="728" started-at="2019-02-25T03:29:13Z" finished-at="2019-02-25T03:29:14Z">
          <reporter-output>
          </reporter-output>
        </test-method> <!-- teardown -->
      </class> <!-- com.comics.jiabin.testcases.DriverTest -->
      <class name="com.comics.jiabin.testcases.youxTest">
        <test-method status="PASS" signature="setUp()[pri:0, instance:com.comics.jiabin.testcases.youxTest@2aaf7cc2]" name="setUp" is-config="true" duration-ms="1" started-at="2019-02-25T03:28:33Z" finished-at="2019-02-25T03:28:33Z">
          <reporter-output>
          </reporter-output>
        </test-method> <!-- setUp -->
        <test-method status="PASS" signature="qidongUi()[pri:1, instance:com.comics.jiabin.testcases.youxTest@2aaf7cc2]" name="qidongUi" duration-ms="5000" started-at="2019-02-25T03:28:33Z" description="首次启动163邮箱" finished-at="2019-02-25T03:28:38Z">
          <reporter-output>
          </reporter-output>
        </test-method> <!-- qidongUi -->
        <test-method status="PASS" signature="setUp()[pri:0, instance:com.comics.jiabin.testcases.youxTest@2aaf7cc2]" name="setUp" is-config="true" duration-ms="1" started-at="2019-02-25T03:28:59Z" finished-at="2019-02-25T03:28:59Z">
          <reporter-output>
          </reporter-output>
        </test-method> <!-- setUp -->
        <test-method status="PASS" signature="shuruTest()[pri:2, instance:com.comics.jiabin.testcases.youxTest@2aaf7cc2]" name="shuruTest" duration-ms="5001" started-at="2019-02-25T03:28:59Z" description="输入地址" finished-at="2019-02-25T03:29:04Z">
          <reporter-output>
          </reporter-output>
        </test-method> <!-- shuruTest -->
      </class> <!-- com.comics.jiabin.testcases.youxTest -->
    </test> <!-- Command line test -->
  </suite> <!-- Command line suite -->
</testng-results>
